{"/Users/nineleaps/Documents/PutzmeisterGallery/src/assets/placeholder.png": {"path":"/Users/nineleaps/Documents/PutzmeisterGallery/src/assets/placeholder.png","statementMap":{"0":{"start":{"line":1,"column":0},"end":{"line":4,"column":6}}},"fnMap":{},"branchMap":{},"s":{"0":1},"f":{},"b":{},"_coverageSchema":"1a1c01bbd47fc00a2c39e90264f33305004495a9","hash":"bb93a81f1545663ad4e2b22204cf3cc598027b96"}
,"/Users/nineleaps/Documents/PutzmeisterGallery/src/components/atoms/Image.tsx": {"path":"/Users/nineleaps/Documents/PutzmeisterGallery/src/components/atoms/Image.tsx","statementMap":{"0":{"start":{"line":13,"column":42},"end":{"line":33,"column":1}},"1":{"start":{"line":14,"column":30},"end":{"line":14,"column":45}},"2":{"start":{"line":16,"column":2},"end":{"line":32,"column":4}},"3":{"start":{"line":28,"column":22},"end":{"line":28,"column":37}}},"fnMap":{"0":{"name":"(anonymous_0)","decl":{"start":{"line":13,"column":42},"end":{"line":13,"column":43}},"loc":{"start":{"line":13,"column":93},"end":{"line":33,"column":1}},"line":13},"1":{"name":"(anonymous_1)","decl":{"start":{"line":28,"column":16},"end":{"line":28,"column":17}},"loc":{"start":{"line":28,"column":22},"end":{"line":28,"column":37}},"line":28}},"branchMap":{"0":{"loc":{"start":{"line":18,"column":7},"end":{"line":24,"column":7}},"type":"binary-expr","locations":[{"start":{"line":18,"column":7},"end":{"line":18,"column":14}},{"start":{"line":19,"column":8},"end":{"line":23,"column":10}}],"line":18},"1":{"loc":{"start":{"line":20,"column":18},"end":{"line":20,"column":78}},"type":"binary-expr","locations":[{"start":{"line":20,"column":18},"end":{"line":20,"column":35}},{"start":{"line":20,"column":39},"end":{"line":20,"column":78}}],"line":20}},"s":{"0":2,"1":7,"2":7,"3":0},"f":{"0":7,"1":0},"b":{"0":[7,7],"1":[7,5]},"_coverageSchema":"1a1c01bbd47fc00a2c39e90264f33305004495a9","hash":"2acc1f227c4bccf785e9427cab25f6c9e649ad66"}
,"/Users/nineleaps/Documents/PutzmeisterGallery/src/components/atoms/Text.tsx": {"path":"/Users/nineleaps/Documents/PutzmeisterGallery/src/components/atoms/Text.tsx","statementMap":{"0":{"start":{"line":4,"column":34},"end":{"line":6,"column":1}},"1":{"start":{"line":5,"column":2},"end":{"line":5,"column":31}}},"fnMap":{"0":{"name":"(anonymous_0)","decl":{"start":{"line":4,"column":34},"end":{"line":4,"column":35}},"loc":{"start":{"line":4,"column":45},"end":{"line":6,"column":1}},"line":4}},"branchMap":{},"s":{"0":2,"1":16},"f":{"0":16},"b":{},"_coverageSchema":"1a1c01bbd47fc00a2c39e90264f33305004495a9","hash":"e63e4fc6536b84e33c4e17534b9ee862c7724525"}
,"/Users/nineleaps/Documents/PutzmeisterGallery/src/components/molecules/ImageCard.tsx": {"path":"/Users/nineleaps/Documents/PutzmeisterGallery/src/components/molecules/ImageCard.tsx","statementMap":{"0":{"start":{"line":13,"column":44},"end":{"line":32,"column":1}},"1":{"start":{"line":14,"column":19},"end":{"line":14,"column":73}},"2":{"start":{"line":15,"column":2},"end":{"line":31,"column":4}},"3":{"start":{"line":34,"column":15},"end":{"line":86,"column":2}}},"fnMap":{"0":{"name":"(anonymous_0)","decl":{"start":{"line":13,"column":44},"end":{"line":13,"column":45}},"loc":{"start":{"line":13,"column":76},"end":{"line":32,"column":1}},"line":13}},"branchMap":{"0":{"loc":{"start":{"line":14,"column":19},"end":{"line":14,"column":73}},"type":"binary-expr","locations":[{"start":{"line":14,"column":19},"end":{"line":14,"column":28}},{"start":{"line":14,"column":32},"end":{"line":14,"column":73}}],"line":14},"1":{"loc":{"start":{"line":22,"column":53},"end":{"line":22,"column":97}},"type":"cond-expr","locations":[{"start":{"line":22,"column":63},"end":{"line":22,"column":82}},{"start":{"line":22,"column":85},"end":{"line":22,"column":97}}],"line":22},"2":{"loc":{"start":{"line":23,"column":21},"end":{"line":23,"column":65}},"type":"cond-expr","locations":[{"start":{"line":23,"column":31},"end":{"line":23,"column":50}},{"start":{"line":23,"column":53},"end":{"line":23,"column":65}}],"line":23},"3":{"loc":{"start":{"line":23,"column":86},"end":{"line":23,"column":110}},"type":"binary-expr","locations":[{"start":{"line":23,"column":86},"end":{"line":23,"column":96}},{"start":{"line":23,"column":100},"end":{"line":23,"column":110}}],"line":23},"4":{"loc":{"start":{"line":24,"column":9},"end":{"line":24,"column":71}},"type":"binary-expr","locations":[{"start":{"line":24,"column":9},"end":{"line":24,"column":17}},{"start":{"line":24,"column":21},"end":{"line":24,"column":71}}],"line":24},"5":{"loc":{"start":{"line":25,"column":9},"end":{"line":25,"column":112}},"type":"binary-expr","locations":[{"start":{"line":25,"column":9},"end":{"line":25,"column":17}},{"start":{"line":25,"column":21},"end":{"line":25,"column":112}}],"line":25},"6":{"loc":{"start":{"line":26,"column":9},"end":{"line":28,"column":9}},"type":"binary-expr","locations":[{"start":{"line":26,"column":9},"end":{"line":26,"column":17}},{"start":{"line":26,"column":21},"end":{"line":26,"column":29}},{"start":{"line":27,"column":10},"end":{"line":27,"column":60}}],"line":26}},"s":{"0":1,"1":5,"2":5,"3":1},"f":{"0":5},"b":{"0":[5,5],"1":[2,3],"2":[2,3],"3":[5,0],"4":[5,3],"5":[5,3],"6":[5,3,3]},"_coverageSchema":"1a1c01bbd47fc00a2c39e90264f33305004495a9","hash":"d642b3f9e761922dadc167f07df0a384b9a573ea"}
}
