TN:
SF:src/assets/placeholder.png
FNF:0
FNH:0
DA:1,1
LF:1
LH:1
BRF:0
BRH:0
end_of_record
TN:
SF:src/components/atoms/Image.tsx
FN:13,(anonymous_0)
FN:28,(anonymous_1)
FNF:2
FNH:1
FNDA:7,(anonymous_0)
FNDA:0,(anonymous_1)
DA:13,2
DA:14,7
DA:16,7
DA:28,0
LF:4
LH:3
BRDA:18,0,0,7
BRDA:18,0,1,7
BRDA:20,1,0,7
BRDA:20,1,1,5
BRF:4
BRH:4
end_of_record
TN:
SF:src/components/atoms/Text.tsx
FN:4,(anonymous_0)
FNF:1
FNH:1
FNDA:16,(anonymous_0)
DA:4,2
DA:5,16
LF:2
LH:2
BRF:0
BRH:0
end_of_record
TN:
SF:src/components/molecules/ImageCard.tsx
FN:13,(anonymous_0)
FNF:1
FNH:1
FNDA:5,(anonymous_0)
DA:13,1
DA:14,5
DA:15,5
DA:34,1
LF:4
LH:4
BRDA:14,0,0,5
BRDA:14,0,1,5
BRDA:22,1,0,2
BRDA:22,1,1,3
BRDA:23,2,0,2
BRDA:23,2,1,3
BRDA:23,3,0,5
BRDA:23,3,1,0
BRDA:24,4,0,5
BRDA:24,4,1,3
BRDA:25,5,0,5
BRDA:25,5,1,3
BRDA:26,6,0,5
BRDA:26,6,1,3
BRDA:26,6,2,3
BRF:15
BRH:14
end_of_record
